<?xml version="1.0" encoding="UTF-8"?>
<!-- Generated by org.testng.reporters.JUnitXMLReporter -->
<testsuite ignored="0" hostname="LAPTOP-4DV4FM7I" failures="3" tests="7" name="Surefire test" time="0.043" errors="0" timestamp="2023-08-26T14:28:42 GET">
  <testcase classname="PersonTest" name="testIsTeenagerAge" time="0.008">
    <failure type="java.lang.AssertionError" message="expected [false] but found [true]">
      <![CDATA[java.lang.AssertionError: expected [false] but found [true]
at PersonTest.testIsTeenagerAge(PersonTest.java:9)
at java.base/java.util.ArrayList.forEach(ArrayList.java:1511)
... Removed 35 stack frames]]>
    </failure>
  </testcase> <!-- testIsTeenagerAge -->
  <testcase classname="PersonTest" name="testIsTeenagerAge" time="0.001">
    <failure type="java.lang.AssertionError" message="expected [false] but found [true]">
      <![CDATA[java.lang.AssertionError: expected [false] but found [true]
at PersonTest.testIsTeenagerAge(PersonTest.java:9)
at java.base/java.util.ArrayList.forEach(ArrayList.java:1511)
... Removed 35 stack frames]]>
    </failure>
  </testcase> <!-- testIsTeenagerAge -->
  <testcase classname="PersonTest" name="testIsTeenagerAge" time="0.0"/>
  <testcase classname="PersonTest" name="testIsTeenagerAge" time="0.0"/>
  <testcase classname="PersonTest" name="testIsTeenagerAge" time="0.0">
    <failure type="java.lang.AssertionError" message="expected [true] but found [false]">
      <![CDATA[java.lang.AssertionError: expected [true] but found [false]
at PersonTest.testIsTeenagerAge(PersonTest.java:9)
at java.base/java.util.ArrayList.forEach(ArrayList.java:1511)
... Removed 35 stack frames]]>
    </failure>
  </testcase> <!-- testIsTeenagerAge -->
  <testcase classname="PersonTest" name="testIsTeenagerAge" time="0.0"/>
  <testcase classname="PersonTest" name="testIsTeenagerAge" time="0.0"/>
</testsuite> <!-- Surefire test -->
