<?xml version="1.0" encoding="UTF-8"?>
<testsuite xmlns:xsi="http://www.w3.org/2001/XMLSchema-instance" xsi:schemaLocation="https://maven.apache.org/surefire/maven-surefire-plugin/xsd/surefire-test-report.xsd" name="PersonTest" time="0.382" tests="7" errors="0" skipped="0" failures="3">
  <properties>
[...]
</properties>
  <testcase name="testIsTeenagerAge" classname="PersonTest" time="0.013">
    <failure message="expected [false] but found [true]" type="java.lang.AssertionError">java.lang.AssertionError: expected [false] but found [true]
	at PersonTest.testIsTeenagerAge(PersonTest.java:9)
</failure>
  </testcase>
  <testcase name="testIsTeenagerAge" classname="PersonTest" time="0">
    <failure message="expected [false] but found [true]" type="java.lang.AssertionError">java.lang.AssertionError: expected [false] but found [true]
	at PersonTest.testIsTeenagerAge(PersonTest.java:9)
</failure>
  </testcase>
  <testcase name="testIsTeenagerAge" classname="PersonTest" time="0"/>
  <testcase name="testIsTeenagerAge" classname="PersonTest" time="0"/>
  <testcase name="testIsTeenagerAge" classname="PersonTest" time="0">
    <failure message="expected [true] but found [false]" type="java.lang.AssertionError">java.lang.AssertionError: expected [true] but found [false]
	at PersonTest.testIsTeenagerAge(PersonTest.java:9)
</failure>
  </testcase>
  <testcase name="testIsTeenagerAge" classname="PersonTest" time="0.001"/>
  <testcase name="testIsTeenagerAge" classname="PersonTest" time="0"/>
</testsuite>